Using pre-set license

 COMMAND LINE ARGUMENTS:
/Applications/Unity/Hub/Editor/2020.3.1f1/Unity.app/Contents/MacOS/Unity
-adb2
-batchMode
-noUpm
-name
AssetImportWorker0
-projectPath
/Users/sensmann/Desktop/GitHub/VR Room Ensmann
-logFile
Logs/AssetImportWorker0.log
-srvPort
49639
Successfully changed project path to: /Users/sensmann/Desktop/GitHub/VR Room Ensmann
/Users/sensmann/Desktop/GitHub/VR Room Ensmann
Using Asset Import Pipeline V2.
Refreshing native plugins compatible for Editor in 53.76 ms, found 1 plugins.
Preloading 0 native plugins for Editor in 0.00 ms.
Initialize engine version: 2020.3.1f1 (77a89f25062f)
[Subsystems] Discovering subsystems at path /Applications/Unity/Hub/Editor/2020.3.1f1/Unity.app/Contents/Resources/UnitySubsystems
[Subsystems] Discovering subsystems at path /Users/sensmann/Desktop/GitHub/VR Room Ensmann/Assets
GfxDevice: creating device client; threaded=0
2024-02-01 13:57:56.410 Unity[4663:50525] (null) preferred device: Apple M2 Pro (high power)
2024-02-01 13:57:56.410 Unity[4663:50525] Metal devices available: 1
2024-02-01 13:57:56.410 Unity[4663:50525] 0: Apple M2 Pro (high power)
2024-02-01 13:57:56.410 Unity[4663:50525] Using device Apple M2 Pro (high power)
Initializing Metal device caps: Apple M2 Pro
Shader 'Universal Render Pipeline/Particles/Lit': fallback shader 'Universal Render Pipeline/Particles/SimpleLit' not found
Initialize mono
Mono path[0] = '/Applications/Unity/Hub/Editor/2020.3.1f1/Unity.app/Contents/Managed'
Mono path[1] = '/Applications/Unity/Hub/Editor/2020.3.1f1/Unity.app/Contents/MonoBleedingEdge/lib/mono/unityjit'
Mono config path = '/Applications/Unity/Hub/Editor/2020.3.1f1/Unity.app/Contents/MonoBleedingEdge/etc'
Using monoOptions --debugger-agent=transport=dt_socket,embedding=1,server=y,suspend=n,address=127.0.0.1:56663
Begin MonoManager ReloadAssembly
Registering precompiled unity dll's ...
Register platform support module: /Applications/Unity/Hub/Editor/2020.3.1f1/PlaybackEngines/WebGLSupport/UnityEditor.WebGL.Extensions.dll
Register platform support module: /Applications/Unity/Hub/Editor/2020.3.1f1/Unity.app/Contents/PlaybackEngines/MacStandaloneSupport/UnityEditor.OSXStandalone.Extensions.dll
Register platform support module: /Applications/Unity/Hub/Editor/2020.3.1f1/PlaybackEngines/WindowsStandaloneSupport/UnityEditor.WindowsStandalone.Extensions.dll
Registered in 0.001783 seconds.
Native extension for WindowsStandalone target not found
Native extension for OSXStandalone target not found
Native extension for WebGL target not found
Refreshing native plugins compatible for Editor in 45.93 ms, found 1 plugins.
Preloading 0 native plugins for Editor in 0.00 ms.
Invoked RoslynAnalysisRunner static constructor.
RoslynAnalysisRunner will not be running.
RoslynAnalysisRunner has terminated.
Mono: successfully reloaded assembly
- Completed reload, in  2.977 seconds
Platform modules already initialized, skipping
Registering precompiled user dll's ...
Registered in 0.004556 seconds.
Begin MonoManager ReloadAssembly
Native extension for WindowsStandalone target not found
Native extension for OSXStandalone target not found
Native extension for WebGL target not found
Refreshing native plugins compatible for Editor in 48.22 ms, found 1 plugins.
Preloading 0 native plugins for Editor in 0.00 ms.
Invoked RoslynAnalysisRunner static constructor.
RoslynAnalysisRunner will not be running.
RoslynAnalysisRunner has terminated.
Mono: successfully reloaded assembly
- Completed reload, in  1.590 seconds
Platform modules already initialized, skipping
========================================================================
Worker process is ready to serve import requests
Shader 'Universal Render Pipeline/Particles/Lit': fallback shader 'Universal Render Pipeline/Particles/SimpleLit' not found
Launching external process: /Applications/Unity/Hub/Editor/2020.3.1f1/Unity.app/Contents/Tools/UnityShaderCompiler
Launched and connected shader compiler UnityShaderCompiler after 0.03 seconds
Refreshing native plugins compatible for Editor in 0.67 ms, found 1 plugins.
Preloading 0 native plugins for Editor in 0.00 ms.
Unloading 3105 Unused Serialized files (Serialized files now loaded: 0)
System memory in use before: 140.0 MB.
System memory in use after: 140.2 MB.

Unloading 26 unused Assets to reduce memory usage. Loaded Objects now: 3542.
Total: 2.200875 ms (FindLiveObjects: 0.266500 ms CreateObjectMapping: 0.065416 ms MarkObjects: 1.801500 ms  DeleteObjects: 0.066750 ms)

========================================================================
Received Import Request.
  path: Assets/_Course Library/_Prefabs/Environments/Background_Hills.prefab
  artifactKey: Guid(ba41cc3523f70d94981ec452dc307e61) Importer(815301076,1909f56bfc062723c751e8b465ee728b)
Start importing Assets/_Course Library/_Prefabs/Environments/Background_Hills.prefab using Guid(ba41cc3523f70d94981ec452dc307e61) Importer(815301076,1909f56bfc062723c751e8b465ee728b)  -> (artifact id: 'b00bb06b4607a8caeb93a4bb4e6d746c') in 0.878440 seconds
  Import took 0.883911 seconds .

========================================================================
Received Import Request.
  Time since last request: 0.000250 seconds.
  path: Assets/_Course Library/_Prefabs/Environments/Foreground_Buildings.prefab
  artifactKey: Guid(4eb9381a0b4804063a96dd9b29e1e57c) Importer(815301076,1909f56bfc062723c751e8b465ee728b)
Start importing Assets/_Course Library/_Prefabs/Environments/Foreground_Buildings.prefab using Guid(4eb9381a0b4804063a96dd9b29e1e57c) Importer(815301076,1909f56bfc062723c751e8b465ee728b)  -> (artifact id: '41ea5c0f13c8a87719893be07998b930') in 0.046888 seconds
  Import took 0.050913 seconds .

========================================================================
Received Import Request.
  Time since last request: 0.000205 seconds.
  path: Assets/_Course Library/_Prefabs/Environments/Background_Buildings.prefab
  artifactKey: Guid(4e12f80178b8d6e47a7b602b9e2f58fb) Importer(815301076,1909f56bfc062723c751e8b465ee728b)
Start importing Assets/_Course Library/_Prefabs/Environments/Background_Buildings.prefab using Guid(4e12f80178b8d6e47a7b602b9e2f58fb) Importer(815301076,1909f56bfc062723c751e8b465ee728b)  -> (artifact id: 'b9b94d0a3bfbd729e613b63fbc27262b') in 0.008820 seconds
  Import took 0.012123 seconds .

========================================================================
Received Import Request.
  Time since last request: 0.000202 seconds.
  path: Assets/_Course Library/_Prefabs/Environments
  artifactKey: Guid(36ae34743d39542b8b8272435b5d3272) Importer(815301076,1909f56bfc062723c751e8b465ee728b)
Start importing Assets/_Course Library/_Prefabs/Environments using Guid(36ae34743d39542b8b8272435b5d3272) Importer(815301076,1909f56bfc062723c751e8b465ee728b)  -> (artifact id: '8fe5f45f64da4ffc9741425291d1ffe7') in 0.001174 seconds
  Import took 0.004214 seconds .

========================================================================
Received Import Request.
  Time since last request: 0.000188 seconds.
  path: Assets/_Course Library/_Prefabs/Environments/Foreground_Hills.prefab
  artifactKey: Guid(445506bfe97f74618aa3dac2a010ced3) Importer(815301076,1909f56bfc062723c751e8b465ee728b)
Start importing Assets/_Course Library/_Prefabs/Environments/Foreground_Hills.prefab using Guid(445506bfe97f74618aa3dac2a010ced3) Importer(815301076,1909f56bfc062723c751e8b465ee728b)  -> (artifact id: '6945a0f320c1c8a496c798407e90a668') in 0.009993 seconds
  Import took 0.013791 seconds .

========================================================================
Received Import Request.
  Time since last request: 0.000210 seconds.
  path: Assets/_Course Library/_Prefabs
  artifactKey: Guid(0251452a4b7afa64ca50d55eea8365e5) Importer(815301076,1909f56bfc062723c751e8b465ee728b)
Start importing Assets/_Course Library/_Prefabs using Guid(0251452a4b7afa64ca50d55eea8365e5) Importer(815301076,1909f56bfc062723c751e8b465ee728b)  -> (artifact id: '42fb1e926933c0539cd115b9bd21cc67') in 0.001013 seconds
  Import took 0.003863 seconds .

========================================================================
Received Import Request.
  Time since last request: 863.314280 seconds.
  path: Assets/_Course Library/_Prefabs/Rooms/Room_Components/Room_Modern
  artifactKey: Guid(c7ef51eeacbea49568db3d58be29290b) Importer(815301076,1909f56bfc062723c751e8b465ee728b)
Start importing Assets/_Course Library/_Prefabs/Rooms/Room_Components/Room_Modern using Guid(c7ef51eeacbea49568db3d58be29290b) Importer(815301076,1909f56bfc062723c751e8b465ee728b)  -> (artifact id: '6904c0fc26fbf0eba8378305780277a5') in 0.001158 seconds
  Import took 0.006146 seconds .

========================================================================
Received Import Request.
  Time since last request: 0.000454 seconds.
  path: Assets/_Course Library/_Prefabs/Rooms/Room_Components/Room_Modern
  artifactKey: Guid(c7ef51eeacbea49568db3d58be29290b) Importer(815301076,1909f56bfc062723c751e8b465ee728b)
Start importing Assets/_Course Library/_Prefabs/Rooms/Room_Components/Room_Modern using Guid(c7ef51eeacbea49568db3d58be29290b) Importer(815301076,1909f56bfc062723c751e8b465ee728b)  -> (artifact id: '6904c0fc26fbf0eba8378305780277a5') in 0.000853 seconds
  Import took 0.004808 seconds .

========================================================================
Received Import Request.
  Time since last request: 2.284353 seconds.
  path: Assets/_Course Library/_Prefabs/Rooms/Room_Components/Room_Rustic
  artifactKey: Guid(1d46529a29aeb423aaf1c48e8a05c706) Importer(815301076,1909f56bfc062723c751e8b465ee728b)
Start importing Assets/_Course Library/_Prefabs/Rooms/Room_Components/Room_Rustic using Guid(1d46529a29aeb423aaf1c48e8a05c706) Importer(815301076,1909f56bfc062723c751e8b465ee728b)  -> (artifact id: '282034000b6fdf26cd74349443a11ea6') in 0.001417 seconds
  Import took 0.007146 seconds .

========================================================================
Received Import Request.
  Time since last request: 1.100988 seconds.
  path: Assets/_Course Library/_Prefabs/Rooms/Room_Components/Room_Traditional
  artifactKey: Guid(8b4a686833ebf447daada9c709d41071) Importer(815301076,1909f56bfc062723c751e8b465ee728b)
Start importing Assets/_Course Library/_Prefabs/Rooms/Room_Components/Room_Traditional using Guid(8b4a686833ebf447daada9c709d41071) Importer(815301076,1909f56bfc062723c751e8b465ee728b)  -> (artifact id: '73f5be749932e7f9afc4ed3c6916f55b') in 0.001214 seconds
  Import took 0.006051 seconds .

========================================================================
Received Import Request.
  Time since last request: 3.183813 seconds.
  path: Assets/_Course Library/_Prefabs/Rooms/Room_Components/Room_Modern/Room_Modern_Ceiling.prefab
  artifactKey: Guid(3d89d97e6a6df4826875d39af54c1172) Importer(815301076,1909f56bfc062723c751e8b465ee728b)
Start importing Assets/_Course Library/_Prefabs/Rooms/Room_Components/Room_Modern/Room_Modern_Ceiling.prefab using Guid(3d89d97e6a6df4826875d39af54c1172) Importer(815301076,1909f56bfc062723c751e8b465ee728b)  -> (artifact id: '408f20359e32d4ee44285a7c4cf46a06') in 0.023272 seconds
  Import took 0.030067 seconds .

========================================================================
Received Import Request.
  Time since last request: 0.000248 seconds.
  path: Assets/_Course Library/_Prefabs/Rooms/Room_Components/Room_Modern/Room_Modern_WindowPanel.prefab
  artifactKey: Guid(692cb5a3367ba417095d96548dabcec7) Importer(815301076,1909f56bfc062723c751e8b465ee728b)
Start importing Assets/_Course Library/_Prefabs/Rooms/Room_Components/Room_Modern/Room_Modern_WindowPanel.prefab using Guid(692cb5a3367ba417095d96548dabcec7) Importer(815301076,1909f56bfc062723c751e8b465ee728b)  -> (artifact id: 'cd898e65cf55dc7fa1dd6b6f43b4758a') in 0.011130 seconds
  Import took 0.014982 seconds .

========================================================================
Received Import Request.
  Time since last request: 0.000228 seconds.
  path: Assets/_Course Library/_Prefabs/Rooms/Room_Components/Room_Modern/Room_Modern_DoorPanel.prefab
  artifactKey: Guid(375da8085929244faacb2c52d36b323d) Importer(815301076,1909f56bfc062723c751e8b465ee728b)
Start importing Assets/_Course Library/_Prefabs/Rooms/Room_Components/Room_Modern/Room_Modern_DoorPanel.prefab using Guid(375da8085929244faacb2c52d36b323d) Importer(815301076,1909f56bfc062723c751e8b465ee728b)  -> (artifact id: 'a31c57557891355564272604f42defd4') in 0.010464 seconds
  Import took 0.014171 seconds .

========================================================================
Received Import Request.
  Time since last request: 0.000231 seconds.
  path: Assets/_Course Library/_Prefabs/Rooms/Room_Components/Room_Modern/Room_Modern_Door.prefab
  artifactKey: Guid(bf6f2a946433842928008e96118871b7) Importer(815301076,1909f56bfc062723c751e8b465ee728b)
Start importing Assets/_Course Library/_Prefabs/Rooms/Room_Components/Room_Modern/Room_Modern_Door.prefab using Guid(bf6f2a946433842928008e96118871b7) Importer(815301076,1909f56bfc062723c751e8b465ee728b)  -> (artifact id: '17f1ab2fec4b550364d58b1eac987fba') in 0.014264 seconds
  Import took 0.017977 seconds .

========================================================================
Received Import Request.
  Time since last request: 0.000187 seconds.
  path: Assets/_Course Library/_Prefabs/Rooms/Room_Components/Room_Modern/Room_Modern_Floor.prefab
  artifactKey: Guid(a53252e410a5546d6a33587a0cbd2204) Importer(815301076,1909f56bfc062723c751e8b465ee728b)
Start importing Assets/_Course Library/_Prefabs/Rooms/Room_Components/Room_Modern/Room_Modern_Floor.prefab using Guid(a53252e410a5546d6a33587a0cbd2204) Importer(815301076,1909f56bfc062723c751e8b465ee728b)  -> (artifact id: '3e6cb7132fc3169fe6f4cdf49f75731f') in 0.009364 seconds
  Import took 0.012631 seconds .

========================================================================
Received Import Request.
  Time since last request: 0.000228 seconds.
  path: Assets/_Course Library/_Prefabs/Rooms/Room_Components/Room_Modern/Room_Modern_Panel.prefab
  artifactKey: Guid(6f2d1921af45843f0a9af92d7b506d6a) Importer(815301076,1909f56bfc062723c751e8b465ee728b)
Start importing Assets/_Course Library/_Prefabs/Rooms/Room_Components/Room_Modern/Room_Modern_Panel.prefab using Guid(6f2d1921af45843f0a9af92d7b506d6a) Importer(815301076,1909f56bfc062723c751e8b465ee728b)  -> (artifact id: '521c33ec6f4e52e869f135cad843fca6') in 0.009792 seconds
  Import took 0.013185 seconds .

========================================================================
Received Import Request.
  Time since last request: 0.000223 seconds.
  path: Assets/_Course Library/_Prefabs/Rooms/Room_Components/Room_Modern/Room_Modern_Window.prefab
  artifactKey: Guid(6ba738e047fbd4237a80ed2a8b8f9655) Importer(815301076,1909f56bfc062723c751e8b465ee728b)
Start importing Assets/_Course Library/_Prefabs/Rooms/Room_Components/Room_Modern/Room_Modern_Window.prefab using Guid(6ba738e047fbd4237a80ed2a8b8f9655) Importer(815301076,1909f56bfc062723c751e8b465ee728b)  -> (artifact id: 'd32f605cf57df85f97c3d691f11d5a17') in 0.011351 seconds
  Import took 0.014721 seconds .

========================================================================
Received Import Request.
  Time since last request: 856.576024 seconds.
  path: Assets/_Course Library/_Prefabs/Rooms/Room_Rustic.prefab
  artifactKey: Guid(991f7faf3818ce24d854dd90bfceb80b) Importer(815301076,1909f56bfc062723c751e8b465ee728b)
Start importing Assets/_Course Library/_Prefabs/Rooms/Room_Rustic.prefab using Guid(991f7faf3818ce24d854dd90bfceb80b) Importer(815301076,1909f56bfc062723c751e8b465ee728b)  -> (artifact id: 'ea6e9a216a4baf50aff326dbbd3a7617') in 0.045052 seconds
  Import took 0.070823 seconds .

========================================================================
Received Prepare
Registering precompiled user dll's ...
Registered in 0.005953 seconds.
Begin MonoManager ReloadAssembly
Native extension for WindowsStandalone target not found
Native extension for OSXStandalone target not found
Native extension for WebGL target not found
Refreshing native plugins compatible for Editor in 0.74 ms, found 1 plugins.
Preloading 0 native plugins for Editor in 0.00 ms.
Invoked RoslynAnalysisRunner static constructor.
RoslynAnalysisRunner will not be running.
RoslynAnalysisRunner has terminated.
Mono: successfully reloaded assembly
- Completed reload, in  1.704 seconds
Platform modules already initialized, skipping
Shader 'Universal Render Pipeline/Particles/Lit': fallback shader 'Universal Render Pipeline/Particles/SimpleLit' not found
Refreshing native plugins compatible for Editor in 0.69 ms, found 1 plugins.
Preloading 0 native plugins for Editor in 0.00 ms.
Unloading 2966 Unused Serialized files (Serialized files now loaded: 0)
System memory in use before: 214.7 MB.
System memory in use after: 214.9 MB.

Unloading 19 unused Assets to reduce memory usage. Loaded Objects now: 3590.
Total: 1.770500 ms (FindLiveObjects: 0.249125 ms CreateObjectMapping: 0.059084 ms MarkObjects: 1.432917 ms  DeleteObjects: 0.028750 ms)

========================================================================
Received Import Request.
  Time since last request: 797.436217 seconds.
  path: Assets/_Course Library/_Prefabs/Rugs/Mat_Rect_Black.prefab
  artifactKey: Guid(7d586b4a941812f4c96edf51d20fdc73) Importer(815301076,1909f56bfc062723c751e8b465ee728b)
Start importing Assets/_Course Library/_Prefabs/Rugs/Mat_Rect_Black.prefab using Guid(7d586b4a941812f4c96edf51d20fdc73) Importer(815301076,1909f56bfc062723c751e8b465ee728b)  -> (artifact id: 'c0a95dcacf888535d6737b2f0b93b4f1') in 0.419030 seconds
  Import took 0.424672 seconds .

========================================================================
Received Import Request.
  Time since last request: 0.000194 seconds.
  path: Assets/_Course Library/_Prefabs/Rugs/Mat_Round_Brown.prefab
  artifactKey: Guid(fb9ce3f53babdeb4990afa0d85fd4a65) Importer(815301076,1909f56bfc062723c751e8b465ee728b)
Start importing Assets/_Course Library/_Prefabs/Rugs/Mat_Round_Brown.prefab using Guid(fb9ce3f53babdeb4990afa0d85fd4a65) Importer(815301076,1909f56bfc062723c751e8b465ee728b)  -> (artifact id: '0efac4730331033e163f79ee17eda375') in 0.023428 seconds
  Import took 0.027616 seconds .

========================================================================
Received Import Request.
  Time since last request: 0.000197 seconds.
  path: Assets/_Course Library/_Prefabs/Rugs/Rug_Rect_Purple.prefab
  artifactKey: Guid(e5b6e40db88c14344b1b380c0e966e20) Importer(815301076,1909f56bfc062723c751e8b465ee728b)
Start importing Assets/_Course Library/_Prefabs/Rugs/Rug_Rect_Purple.prefab using Guid(e5b6e40db88c14344b1b380c0e966e20) Importer(815301076,1909f56bfc062723c751e8b465ee728b)  -> (artifact id: '41d16438bc32b67b124af80f6cc1316c') in 0.010819 seconds
  Import took 0.014290 seconds .

========================================================================
Received Import Request.
  Time since last request: 0.000211 seconds.
  path: Assets/_Course Library/_Prefabs/Rugs/Mat_Rect_Green.prefab
  artifactKey: Guid(65e1b17be55fde04f921004e190ce003) Importer(815301076,1909f56bfc062723c751e8b465ee728b)
Start importing Assets/_Course Library/_Prefabs/Rugs/Mat_Rect_Green.prefab using Guid(65e1b17be55fde04f921004e190ce003) Importer(815301076,1909f56bfc062723c751e8b465ee728b)  -> (artifact id: 'abff5daada24c69b8349f343e0f9db96') in 0.011306 seconds
  Import took 0.014691 seconds .

========================================================================
Received Import Request.
  Time since last request: 0.000169 seconds.
  path: Assets/_Course Library/_Prefabs/Rugs/Rug_Oval_Blue.prefab
  artifactKey: Guid(51c07d60274ac13489e2a61ff62c251b) Importer(815301076,1909f56bfc062723c751e8b465ee728b)
Start importing Assets/_Course Library/_Prefabs/Rugs/Rug_Oval_Blue.prefab using Guid(51c07d60274ac13489e2a61ff62c251b) Importer(815301076,1909f56bfc062723c751e8b465ee728b)  -> (artifact id: '6bd515547b81c767542dccae19e72020') in 0.010244 seconds
  Import took 0.014359 seconds .

========================================================================
Received Import Request.
  Time since last request: 0.000174 seconds.
  path: Assets/_Course Library/_Prefabs/Rugs/Rug_Rect_Gray.prefab
  artifactKey: Guid(4fedbc191226c1146a147611e5fc67ac) Importer(815301076,1909f56bfc062723c751e8b465ee728b)
Start importing Assets/_Course Library/_Prefabs/Rugs/Rug_Rect_Gray.prefab using Guid(4fedbc191226c1146a147611e5fc67ac) Importer(815301076,1909f56bfc062723c751e8b465ee728b)  -> (artifact id: 'ef07c3418c726fa05ac477772a6128b5') in 0.010048 seconds
  Import took 0.013456 seconds .

========================================================================
Received Import Request.
  Time since last request: 0.000186 seconds.
  path: Assets/_Course Library/_Prefabs/Rugs/Mat_Round_Blue.prefab
  artifactKey: Guid(cc8e9c60e8b51f541b58d256ac509ffd) Importer(815301076,1909f56bfc062723c751e8b465ee728b)
Start importing Assets/_Course Library/_Prefabs/Rugs/Mat_Round_Blue.prefab using Guid(cc8e9c60e8b51f541b58d256ac509ffd) Importer(815301076,1909f56bfc062723c751e8b465ee728b)  -> (artifact id: '17bde48bd492d2fb6505f230f6436232') in 0.010321 seconds
  Import took 0.013702 seconds .

========================================================================
Received Import Request.
  Time since last request: 0.000253 seconds.
  path: Assets/_Course Library/_Prefabs/Rugs/Rug_Oval_Purple.prefab
  artifactKey: Guid(2a0989c512f34104c9d5ca8e832c0b21) Importer(815301076,1909f56bfc062723c751e8b465ee728b)
Start importing Assets/_Course Library/_Prefabs/Rugs/Rug_Oval_Purple.prefab using Guid(2a0989c512f34104c9d5ca8e832c0b21) Importer(815301076,1909f56bfc062723c751e8b465ee728b)  -> (artifact id: '5618e6f712a8b7ebf8ec47a257915ef3') in 0.010784 seconds
  Import took 0.014430 seconds .

========================================================================
Received Import Request.
  Time since last request: 3.413884 seconds.
  path: Assets/_Course Library/_Prefabs/Seating/Chair_Modern_Black.prefab
  artifactKey: Guid(7b3726eaddf29ab41b207a350a3905cb) Importer(815301076,1909f56bfc062723c751e8b465ee728b)
Start importing Assets/_Course Library/_Prefabs/Seating/Chair_Modern_Black.prefab using Guid(7b3726eaddf29ab41b207a350a3905cb) Importer(815301076,1909f56bfc062723c751e8b465ee728b)  -> (artifact id: '525de0fea7d36b12bdd3752fef4c3638') in 0.015719 seconds
  Import took 0.021384 seconds .

========================================================================
Received Import Request.
  Time since last request: 0.000297 seconds.
  path: Assets/_Course Library/_Prefabs/Seating/Couch_Modern_Brown.prefab
  artifactKey: Guid(c8e40e0db574f2245814fd7983a240f2) Importer(815301076,1909f56bfc062723c751e8b465ee728b)
Start importing Assets/_Course Library/_Prefabs/Seating/Couch_Modern_Brown.prefab using Guid(c8e40e0db574f2245814fd7983a240f2) Importer(815301076,1909f56bfc062723c751e8b465ee728b)  -> (artifact id: '9c4382aa3efacbfc6265b85cd1037fc2') in 0.013258 seconds
  Import took 0.018642 seconds .

========================================================================
Received Import Request.
  Time since last request: 0.000234 seconds.
  path: Assets/_Course Library/_Prefabs/Seating/Chair_Traditional_Dark.prefab
  artifactKey: Guid(2a5416c2645dd1b469ac4b962af63a77) Importer(815301076,1909f56bfc062723c751e8b465ee728b)
Start importing Assets/_Course Library/_Prefabs/Seating/Chair_Traditional_Dark.prefab using Guid(2a5416c2645dd1b469ac4b962af63a77) Importer(815301076,1909f56bfc062723c751e8b465ee728b)  -> (artifact id: 'd5885104dfbf292def74c1ad2fa9e3e7') in 0.012395 seconds
  Import took 0.016900 seconds .

========================================================================
Received Import Request.
  Time since last request: 0.000227 seconds.
  path: Assets/_Course Library/_Prefabs/Seating/Chair_Traditional_Light.prefab
  artifactKey: Guid(b4d538715c7469342811939a08b911d2) Importer(815301076,1909f56bfc062723c751e8b465ee728b)
Start importing Assets/_Course Library/_Prefabs/Seating/Chair_Traditional_Light.prefab using Guid(b4d538715c7469342811939a08b911d2) Importer(815301076,1909f56bfc062723c751e8b465ee728b)  -> (artifact id: '5a91e611e82257fdcacdb26367e86675') in 0.011453 seconds
  Import took 0.015388 seconds .

========================================================================
Received Import Request.
  Time since last request: 0.000220 seconds.
  path: Assets/_Course Library/_Prefabs/Seating/Couch_Traditional_Brown.prefab
  artifactKey: Guid(ea6a96590aa46c349ad75158bd6212f3) Importer(815301076,1909f56bfc062723c751e8b465ee728b)
Start importing Assets/_Course Library/_Prefabs/Seating/Couch_Traditional_Brown.prefab using Guid(ea6a96590aa46c349ad75158bd6212f3) Importer(815301076,1909f56bfc062723c751e8b465ee728b)  -> (artifact id: 'd62f73803001b8f30d822e37d3f6afdd') in 0.011235 seconds
  Import took 0.014714 seconds .

========================================================================
Received Import Request.
  Time since last request: 0.000183 seconds.
  path: Assets/_Course Library/_Prefabs/Seating/Chair_Traditional_Light.prefab
  artifactKey: Guid(b4d538715c7469342811939a08b911d2) Importer(815301076,1909f56bfc062723c751e8b465ee728b)
Start importing Assets/_Course Library/_Prefabs/Seating/Chair_Traditional_Light.prefab using Guid(b4d538715c7469342811939a08b911d2) Importer(815301076,1909f56bfc062723c751e8b465ee728b)  -> (artifact id: '5a91e611e82257fdcacdb26367e86675') in 0.008922 seconds
  Import took 0.012087 seconds .

========================================================================
Received Import Request.
  Time since last request: 0.000183 seconds.
  path: Assets/_Course Library/_Prefabs/Seating/Couch_Traditional_Gold.prefab
  artifactKey: Guid(9fd62c09090ff5448be42411d830128d) Importer(815301076,1909f56bfc062723c751e8b465ee728b)
Start importing Assets/_Course Library/_Prefabs/Seating/Couch_Traditional_Gold.prefab using Guid(9fd62c09090ff5448be42411d830128d) Importer(815301076,1909f56bfc062723c751e8b465ee728b)  -> (artifact id: '8fa31141d9f967173b31532d05a656e4') in 0.010132 seconds
  Import took 0.013275 seconds .

========================================================================
Received Import Request.
  Time since last request: 0.000216 seconds.
  path: Assets/_Course Library/_Prefabs/Seating/Couch_Rustic_Purple.prefab
  artifactKey: Guid(b70d9d61de2878e4aaba4d25b4a4822d) Importer(815301076,1909f56bfc062723c751e8b465ee728b)
Start importing Assets/_Course Library/_Prefabs/Seating/Couch_Rustic_Purple.prefab using Guid(b70d9d61de2878e4aaba4d25b4a4822d) Importer(815301076,1909f56bfc062723c751e8b465ee728b)  -> (artifact id: '8f1e1229fd254f1154c40fdd026ab5cf') in 0.012298 seconds
  Import took 0.015824 seconds .

========================================================================
Received Import Request.
  Time since last request: 0.000203 seconds.
  path: Assets/_Course Library/_Prefabs/Seating/Couch_Rustic_Red.prefab
  artifactKey: Guid(b951a849336641c4fab7cc6d23fd2767) Importer(815301076,1909f56bfc062723c751e8b465ee728b)
Start importing Assets/_Course Library/_Prefabs/Seating/Couch_Rustic_Red.prefab using Guid(b951a849336641c4fab7cc6d23fd2767) Importer(815301076,1909f56bfc062723c751e8b465ee728b)  -> (artifact id: 'c3961298fd40a3250d1d8ef204debfd7') in 0.010194 seconds
  Import took 0.013409 seconds .

========================================================================
Received Import Request.
  Time since last request: 0.000198 seconds.
  path: Assets/_Course Library/_Prefabs/Seating/Chair_Rustic_LightBrown.prefab
  artifactKey: Guid(3e5ff502dd0484b43809e79d17ebc3ad) Importer(815301076,1909f56bfc062723c751e8b465ee728b)
Start importing Assets/_Course Library/_Prefabs/Seating/Chair_Rustic_LightBrown.prefab using Guid(3e5ff502dd0484b43809e79d17ebc3ad) Importer(815301076,1909f56bfc062723c751e8b465ee728b)  -> (artifact id: 'f5e2f8be24e620dc82d542c572db031f') in 0.009851 seconds
  Import took 0.013233 seconds .

========================================================================
Received Import Request.
  Time since last request: 0.000180 seconds.
  path: Assets/_Course Library/_Prefabs/Seating/Chair_Rustic_DarkBrown.prefab
  artifactKey: Guid(ddb8bcacf9b699b428806e528be6780f) Importer(815301076,1909f56bfc062723c751e8b465ee728b)
Start importing Assets/_Course Library/_Prefabs/Seating/Chair_Rustic_DarkBrown.prefab using Guid(ddb8bcacf9b699b428806e528be6780f) Importer(815301076,1909f56bfc062723c751e8b465ee728b)  -> (artifact id: 'bf5e22a6615b500132fd57faf54095ab') in 0.009852 seconds
  Import took 0.013290 seconds .

========================================================================
Received Import Request.
  Time since last request: 0.000196 seconds.
  path: Assets/_Course Library/_Prefabs/Seating/Couch_Rustic_Brown.prefab
  artifactKey: Guid(d1a190085dcf07e4c9961f5b83d0c35d) Importer(815301076,1909f56bfc062723c751e8b465ee728b)
Start importing Assets/_Course Library/_Prefabs/Seating/Couch_Rustic_Brown.prefab using Guid(d1a190085dcf07e4c9961f5b83d0c35d) Importer(815301076,1909f56bfc062723c751e8b465ee728b)  -> (artifact id: '9e0acb2277771e99376cb6cbb847441c') in 0.009950 seconds
  Import took 0.013413 seconds .

========================================================================
Received Import Request.
  Time since last request: 0.000199 seconds.
  path: Assets/_Course Library/_Prefabs/Seating/Couch_Traditional_Gray.prefab
  artifactKey: Guid(457f2848d5450fe40b602740b823eeec) Importer(815301076,1909f56bfc062723c751e8b465ee728b)
Start importing Assets/_Course Library/_Prefabs/Seating/Couch_Traditional_Gray.prefab using Guid(457f2848d5450fe40b602740b823eeec) Importer(815301076,1909f56bfc062723c751e8b465ee728b)  -> (artifact id: '934f3c5cc29947dd8041d4fbed963e71') in 0.009917 seconds
  Import took 0.013160 seconds .

========================================================================
Received Import Request.
  Time since last request: 0.000200 seconds.
  path: Assets/_Course Library/_Prefabs/Seating/Chair_Modern_Brown.prefab
  artifactKey: Guid(5e80c6b19a85a0d46b1ebd9f0eb64b5b) Importer(815301076,1909f56bfc062723c751e8b465ee728b)
Start importing Assets/_Course Library/_Prefabs/Seating/Chair_Modern_Brown.prefab using Guid(5e80c6b19a85a0d46b1ebd9f0eb64b5b) Importer(815301076,1909f56bfc062723c751e8b465ee728b)  -> (artifact id: 'ef589c3c0149d17e4b0e8b35bad98feb') in 0.010588 seconds
  Import took 0.013863 seconds .

========================================================================
Received Import Request.
  Time since last request: 0.000197 seconds.
  path: Assets/_Course Library/_Prefabs/Seating/Couch_Modern_Gray.prefab
  artifactKey: Guid(0eb8793a9b9aa6b4c8a601e1e50f6801) Importer(815301076,1909f56bfc062723c751e8b465ee728b)
Start importing Assets/_Course Library/_Prefabs/Seating/Couch_Modern_Gray.prefab using Guid(0eb8793a9b9aa6b4c8a601e1e50f6801) Importer(815301076,1909f56bfc062723c751e8b465ee728b)  -> (artifact id: '14d113b7a325cf724b4edc1610808fbb') in 0.009734 seconds
  Import took 0.013388 seconds .

========================================================================
Received Import Request.
  Time since last request: 320.278147 seconds.
  path: Assets/_Course Library/_Prefabs/Storage/Cabinet_Modern.prefab
  artifactKey: Guid(f7a65282a054cc846acdcfc67d1fcb9b) Importer(815301076,1909f56bfc062723c751e8b465ee728b)
Start importing Assets/_Course Library/_Prefabs/Storage/Cabinet_Modern.prefab using Guid(f7a65282a054cc846acdcfc67d1fcb9b) Importer(815301076,1909f56bfc062723c751e8b465ee728b)  -> (artifact id: '0ebc371b118af05865c766e02d31470f') in 0.021950 seconds
  Import took 0.028498 seconds .

========================================================================
Received Import Request.
  Time since last request: 0.000316 seconds.
  path: Assets/_Course Library/_Prefabs/Storage/Chest_Modern_Dark.prefab
  artifactKey: Guid(0f35b98739529f9448c26470b6f4187b) Importer(815301076,1909f56bfc062723c751e8b465ee728b)
Start importing Assets/_Course Library/_Prefabs/Storage/Chest_Modern_Dark.prefab using Guid(0f35b98739529f9448c26470b6f4187b) Importer(815301076,1909f56bfc062723c751e8b465ee728b)  -> (artifact id: '83d1988f31d59a3fa9f808abc5c180ec') in 0.011376 seconds
  Import took 0.016018 seconds .

========================================================================
Received Import Request.
  Time since last request: 0.000217 seconds.
  path: Assets/_Course Library/_Prefabs/Storage/Drawers_Modern_Light.prefab
  artifactKey: Guid(9d9f0464e931ebd48bf01c0ef3c09ba2) Importer(815301076,1909f56bfc062723c751e8b465ee728b)
Start importing Assets/_Course Library/_Prefabs/Storage/Drawers_Modern_Light.prefab using Guid(9d9f0464e931ebd48bf01c0ef3c09ba2) Importer(815301076,1909f56bfc062723c751e8b465ee728b)  -> (artifact id: '7fd64424ab0987539a081d6ba5233b25') in 0.012552 seconds
  Import took 0.016572 seconds .

========================================================================
Received Import Request.
  Time since last request: 0.000244 seconds.
  path: Assets/_Course Library/_Prefabs/Storage/Chest_Traditional.prefab
  artifactKey: Guid(8197e8d854c12244184c7c0f390c00dc) Importer(815301076,1909f56bfc062723c751e8b465ee728b)
Start importing Assets/_Course Library/_Prefabs/Storage/Chest_Traditional.prefab using Guid(8197e8d854c12244184c7c0f390c00dc) Importer(815301076,1909f56bfc062723c751e8b465ee728b)  -> (artifact id: 'bf0efcf6931821043012f693c6bb3338') in 0.011093 seconds
  Import took 0.014863 seconds .

========================================================================
Received Import Request.
  Time since last request: 0.000191 seconds.
  path: Assets/_Course Library/_Prefabs/Storage/Chest_Modern_Light.prefab
  artifactKey: Guid(38340d4a0ac59e14dba87194143b1881) Importer(815301076,1909f56bfc062723c751e8b465ee728b)
Start importing Assets/_Course Library/_Prefabs/Storage/Chest_Modern_Light.prefab using Guid(38340d4a0ac59e14dba87194143b1881) Importer(815301076,1909f56bfc062723c751e8b465ee728b)  -> (artifact id: '1ecea9dce63c12427d147e24a9d5e617') in 0.009734 seconds
  Import took 0.013064 seconds .

========================================================================
Received Import Request.
  Time since last request: 0.000195 seconds.
  path: Assets/_Course Library/_Prefabs/Storage/Shelving_Modern_White.prefab
  artifactKey: Guid(7cb597517601cb34ca402b0e1d742578) Importer(815301076,1909f56bfc062723c751e8b465ee728b)
Start importing Assets/_Course Library/_Prefabs/Storage/Shelving_Modern_White.prefab using Guid(7cb597517601cb34ca402b0e1d742578) Importer(815301076,1909f56bfc062723c751e8b465ee728b)  -> (artifact id: '1efb53fe81a173f5e734228cc9b58bd7') in 0.010530 seconds
  Import took 0.013934 seconds .

========================================================================
Received Import Request.
  Time since last request: 0.000187 seconds.
  path: Assets/_Course Library/_Prefabs/Storage/Shelving_Modern_Gray.prefab
  artifactKey: Guid(9cba3f19103249f49a089c693f633e19) Importer(815301076,1909f56bfc062723c751e8b465ee728b)
Start importing Assets/_Course Library/_Prefabs/Storage/Shelving_Modern_Gray.prefab using Guid(9cba3f19103249f49a089c693f633e19) Importer(815301076,1909f56bfc062723c751e8b465ee728b)  -> (artifact id: 'e02613dcaf9b2371d72793280050d18f') in 0.011379 seconds
  Import took 0.014793 seconds .

========================================================================
Received Import Request.
  Time since last request: 0.000202 seconds.
  path: Assets/_Course Library/_Prefabs/Storage/Cabinet_Traditional.prefab
  artifactKey: Guid(8fc3fe44f914ec742ab17fca8615fc44) Importer(815301076,1909f56bfc062723c751e8b465ee728b)
Start importing Assets/_Course Library/_Prefabs/Storage/Cabinet_Traditional.prefab using Guid(8fc3fe44f914ec742ab17fca8615fc44) Importer(815301076,1909f56bfc062723c751e8b465ee728b)  -> (artifact id: '44648383f884733ef36af94833184079') in 0.009901 seconds
  Import took 0.013335 seconds .

========================================================================
Received Import Request.
  Time since last request: 0.000199 seconds.
  path: Assets/_Course Library/_Prefabs/Storage/Drawers_Traditional.prefab
  artifactKey: Guid(bdf455b16ebfb444e8f26045732453b1) Importer(815301076,1909f56bfc062723c751e8b465ee728b)
Start importing Assets/_Course Library/_Prefabs/Storage/Drawers_Traditional.prefab using Guid(bdf455b16ebfb444e8f26045732453b1) Importer(815301076,1909f56bfc062723c751e8b465ee728b)  -> (artifact id: '51696db83e6ac80c0432bf5fadc878c9') in 0.039187 seconds
  Import took 0.042681 seconds .

========================================================================
Received Import Request.
  Time since last request: 0.000224 seconds.
  path: Assets/_Course Library/_Prefabs/Storage/Drawers_Modern_Dark.prefab
  artifactKey: Guid(f2a2e305f7be1c94f8797498da715c01) Importer(815301076,1909f56bfc062723c751e8b465ee728b)
Start importing Assets/_Course Library/_Prefabs/Storage/Drawers_Modern_Dark.prefab using Guid(f2a2e305f7be1c94f8797498da715c01) Importer(815301076,1909f56bfc062723c751e8b465ee728b)  -> (artifact id: '83d8624244e3a57e4b4ea50e95cb8069') in 0.010670 seconds
  Import took 0.014090 seconds .

========================================================================
Received Import Request.
  Time since last request: 0.000198 seconds.
  path: Assets/_Course Library/_Prefabs/Storage/Shelving_Traditional.prefab
  artifactKey: Guid(fc29def7fd957db4085fce30f5fcefcc) Importer(815301076,1909f56bfc062723c751e8b465ee728b)
Start importing Assets/_Course Library/_Prefabs/Storage/Shelving_Traditional.prefab using Guid(fc29def7fd957db4085fce30f5fcefcc) Importer(815301076,1909f56bfc062723c751e8b465ee728b)  -> (artifact id: '83414abeed534227d826e7e09e15ad02') in 0.009950 seconds
  Import took 0.013339 seconds .

========================================================================
Received Import Request.
  Time since last request: 0.000218 seconds.
  path: Assets/_Course Library/_Prefabs/Storage/Drawers_Modern_Dark.prefab
  artifactKey: Guid(f2a2e305f7be1c94f8797498da715c01) Importer(815301076,1909f56bfc062723c751e8b465ee728b)
Start importing Assets/_Course Library/_Prefabs/Storage/Drawers_Modern_Dark.prefab using Guid(f2a2e305f7be1c94f8797498da715c01) Importer(815301076,1909f56bfc062723c751e8b465ee728b)  -> (artifact id: '83d8624244e3a57e4b4ea50e95cb8069') in 0.009270 seconds
  Import took 0.012692 seconds .

========================================================================
Received Import Request.
  Time since last request: 0.000193 seconds.
  path: Assets/_Course Library/_Prefabs/Storage/Shelving_Traditional.prefab
  artifactKey: Guid(fc29def7fd957db4085fce30f5fcefcc) Importer(815301076,1909f56bfc062723c751e8b465ee728b)
Start importing Assets/_Course Library/_Prefabs/Storage/Shelving_Traditional.prefab using Guid(fc29def7fd957db4085fce30f5fcefcc) Importer(815301076,1909f56bfc062723c751e8b465ee728b)  -> (artifact id: '83414abeed534227d826e7e09e15ad02') in 0.008980 seconds
  Import took 0.012332 seconds .

========================================================================
Received Import Request.
  Time since last request: 1.511173 seconds.
  path: Assets/_Course Library/_Prefabs/Tables/Table_Coffee_Modern.prefab
  artifactKey: Guid(a35b0267215e7e946a2a8f481f48fbbc) Importer(815301076,1909f56bfc062723c751e8b465ee728b)
Start importing Assets/_Course Library/_Prefabs/Tables/Table_Coffee_Modern.prefab using Guid(a35b0267215e7e946a2a8f481f48fbbc) Importer(815301076,1909f56bfc062723c751e8b465ee728b)  -> (artifact id: '579fb21a3352efd0c84243402d1034dd') in 0.017367 seconds
  Import took 0.024402 seconds .

========================================================================
Received Import Request.
  Time since last request: 0.000338 seconds.
  path: Assets/_Course Library/_Prefabs/Tables/Table_Side_Modern_Black.prefab
  artifactKey: Guid(2970332bcab6ddf43a43824174efe2c6) Importer(815301076,1909f56bfc062723c751e8b465ee728b)
Start importing Assets/_Course Library/_Prefabs/Tables/Table_Side_Modern_Black.prefab using Guid(2970332bcab6ddf43a43824174efe2c6) Importer(815301076,1909f56bfc062723c751e8b465ee728b)  -> (artifact id: 'e8523be816b9b97f75757e0493fd1f7f') in 0.012096 seconds
  Import took 0.017198 seconds .

========================================================================
Received Import Request.
  Time since last request: 0.000288 seconds.
  path: Assets/_Course Library/_Prefabs/Tables/Table_Side_Modern_Brown.prefab
  artifactKey: Guid(b5dd15abea9c3644abf1d3bd1a7f646d) Importer(815301076,1909f56bfc062723c751e8b465ee728b)
Start importing Assets/_Course Library/_Prefabs/Tables/Table_Side_Modern_Brown.prefab using Guid(b5dd15abea9c3644abf1d3bd1a7f646d) Importer(815301076,1909f56bfc062723c751e8b465ee728b)  -> (artifact id: '782bd8ec3b7d25ccbac7c5c92dff0394') in 0.011387 seconds
  Import took 0.015187 seconds .

========================================================================
Received Import Request.
  Time since last request: 0.000209 seconds.
  path: Assets/_Course Library/_Prefabs/Tables/Table_Dining_Modern_Dark.prefab
  artifactKey: Guid(12c3467b95c7e5c4b9c2f42733663d2c) Importer(815301076,1909f56bfc062723c751e8b465ee728b)
Start importing Assets/_Course Library/_Prefabs/Tables/Table_Dining_Modern_Dark.prefab using Guid(12c3467b95c7e5c4b9c2f42733663d2c) Importer(815301076,1909f56bfc062723c751e8b465ee728b)  -> (artifact id: '846ddcf4fb642ee733a6af48367f6023') in 0.010003 seconds
  Import took 0.013839 seconds .

========================================================================
Received Import Request.
  Time since last request: 0.000234 seconds.
  path: Assets/_Course Library/_Prefabs/Tables/Table_Dining_Traditional_Dark.prefab
  artifactKey: Guid(f290f489f4196974db7a37718d9fa4c3) Importer(815301076,1909f56bfc062723c751e8b465ee728b)
Start importing Assets/_Course Library/_Prefabs/Tables/Table_Dining_Traditional_Dark.prefab using Guid(f290f489f4196974db7a37718d9fa4c3) Importer(815301076,1909f56bfc062723c751e8b465ee728b)  -> (artifact id: 'bef720dbed26b6894bc4d462ca4b53be') in 0.010411 seconds
  Import took 0.013952 seconds .

========================================================================
Received Import Request.
  Time since last request: 0.000204 seconds.
  path: Assets/_Course Library/_Prefabs/Tables/Table_Coffee_Traditional.prefab
  artifactKey: Guid(0d96f7bd47e015244b495190ca7e753d) Importer(815301076,1909f56bfc062723c751e8b465ee728b)
Start importing Assets/_Course Library/_Prefabs/Tables/Table_Coffee_Traditional.prefab using Guid(0d96f7bd47e015244b495190ca7e753d) Importer(815301076,1909f56bfc062723c751e8b465ee728b)  -> (artifact id: '4318c0f62b4bfcd3ff0552504c88093c') in 0.010965 seconds
  Import took 0.014700 seconds .

========================================================================
Received Import Request.
  Time since last request: 0.000184 seconds.
  path: Assets/_Course Library/_Prefabs/Tables/Table_Dining_Modern_Light.prefab
  artifactKey: Guid(578b05d48f135824788f29020766e26b) Importer(815301076,1909f56bfc062723c751e8b465ee728b)
Start importing Assets/_Course Library/_Prefabs/Tables/Table_Dining_Modern_Light.prefab using Guid(578b05d48f135824788f29020766e26b) Importer(815301076,1909f56bfc062723c751e8b465ee728b)  -> (artifact id: 'be33bd6c3cefa95424b68fc68d33519c') in 0.009560 seconds
  Import took 0.013036 seconds .

========================================================================
Received Import Request.
  Time since last request: 0.000182 seconds.
  path: Assets/_Course Library/_Prefabs/Tables/Table_Side_Traditional.prefab
  artifactKey: Guid(2f20e9b17e3c892419d73072a4223c83) Importer(815301076,1909f56bfc062723c751e8b465ee728b)
Start importing Assets/_Course Library/_Prefabs/Tables/Table_Side_Traditional.prefab using Guid(2f20e9b17e3c892419d73072a4223c83) Importer(815301076,1909f56bfc062723c751e8b465ee728b)  -> (artifact id: '5f56570db8253a3f9e71137415114334') in 0.009826 seconds
  Import took 0.013565 seconds .

========================================================================
Received Import Request.
  Time since last request: 3.302749 seconds.
  path: Assets/_Course Library/_Prefabs/Televisions/TV_FlatWallMounted.prefab
  artifactKey: Guid(a3051c696c83442f8b9a1c115ffa2359) Importer(815301076,1909f56bfc062723c751e8b465ee728b)
Start importing Assets/_Course Library/_Prefabs/Televisions/TV_FlatWallMounted.prefab using Guid(a3051c696c83442f8b9a1c115ffa2359) Importer(815301076,1909f56bfc062723c751e8b465ee728b)  -> (artifact id: 'a3bc533fc2e7fc754d5860c08cac5bbb') in 0.028963 seconds
  Import took 0.034256 seconds .

========================================================================
Received Import Request.
  Time since last request: 0.000251 seconds.
  path: Assets/_Course Library/_Prefabs/Televisions/TV_FlatWithStand.prefab
  artifactKey: Guid(8d8fb26dd6a666247b80ad25ad1e316b) Importer(815301076,1909f56bfc062723c751e8b465ee728b)
Start importing Assets/_Course Library/_Prefabs/Televisions/TV_FlatWithStand.prefab using Guid(8d8fb26dd6a666247b80ad25ad1e316b) Importer(815301076,1909f56bfc062723c751e8b465ee728b)  -> (artifact id: '949a9fb8a27b95f04d2b9e1bca5d1a1a') in 0.011436 seconds
  Import took 0.015586 seconds .

========================================================================
Received Import Request.
  Time since last request: 1.693328 seconds.
  path: Assets/_Course Library/_Prefabs/Testing/FPS Overlay UI.prefab
  artifactKey: Guid(523386755330448b19a21a0dfa93a499) Importer(815301076,1909f56bfc062723c751e8b465ee728b)
Start importing Assets/_Course Library/_Prefabs/Testing/FPS Overlay UI.prefab using Guid(523386755330448b19a21a0dfa93a499) Importer(815301076,1909f56bfc062723c751e8b465ee728b)  -> (artifact id: 'aa0afec7f881ecf8d919e8547f491850') in 0.089091 seconds
  Import took 0.096064 seconds .

========================================================================
Received Import Request.
  Time since last request: 0.000206 seconds.
  path: Assets/_Course Library/_Prefabs/Testing/Notes.prefab
  artifactKey: Guid(cde43aa829695417caf3cacf5c32d84c) Importer(815301076,1909f56bfc062723c751e8b465ee728b)
Start importing Assets/_Course Library/_Prefabs/Testing/Notes.prefab using Guid(cde43aa829695417caf3cacf5c32d84c) Importer(815301076,1909f56bfc062723c751e8b465ee728b)  -> (artifact id: 'd51ea6de153934b8ec92aea890826d53') in 0.003008 seconds
  Import took 0.005566 seconds .

========================================================================
Received Import Request.
  Time since last request: 0.000176 seconds.
  path: Assets/_Course Library/_Prefabs/Testing/Measuring Stick.prefab
  artifactKey: Guid(699eaca3c94404be09b6807afbe64f3f) Importer(815301076,1909f56bfc062723c751e8b465ee728b)
Start importing Assets/_Course Library/_Prefabs/Testing/Measuring Stick.prefab using Guid(699eaca3c94404be09b6807afbe64f3f) Importer(815301076,1909f56bfc062723c751e8b465ee728b)  -> (artifact id: 'cd7ea7959c1e376a1a3bf74a267e440d') in 0.380661 seconds
  Import took 0.383968 seconds .

========================================================================
Received Import Request.
  Time since last request: 6.808281 seconds.
  path: Assets/_Course Library/_Prefabs/VR/Hands/VR_Hand_Blue_Left.prefab
  artifactKey: Guid(eb91affb984e740dbb2082626ba96efb) Importer(815301076,1909f56bfc062723c751e8b465ee728b)
Start importing Assets/_Course Library/_Prefabs/VR/Hands/VR_Hand_Blue_Left.prefab using Guid(eb91affb984e740dbb2082626ba96efb) Importer(815301076,1909f56bfc062723c751e8b465ee728b)  -> (artifact id: '2fab4a59700bc85e821d822df67ed71f') in 0.020855 seconds
  Import took 0.029141 seconds .

========================================================================
Received Import Request.
  Time since last request: 0.000423 seconds.
  path: Assets/_Course Library/_Prefabs/VR/Hands/VR_Hand_Gray_Left.prefab
  artifactKey: Guid(8c5aedbedb31848488e8007c3432c990) Importer(815301076,1909f56bfc062723c751e8b465ee728b)
Start importing Assets/_Course Library/_Prefabs/VR/Hands/VR_Hand_Gray_Left.prefab using Guid(8c5aedbedb31848488e8007c3432c990) Importer(815301076,1909f56bfc062723c751e8b465ee728b)  -> (artifact id: '5212bb41099eb13889b20539ff5cb0dd') in 0.011055 seconds
  Import took 0.015494 seconds .

========================================================================
Received Import Request.
  Time since last request: 0.000226 seconds.
  path: Assets/_Course Library/_Prefabs/VR/Hands/VR_Hand_Yellow_Left.prefab
  artifactKey: Guid(8ed7c4661c5c246c3b215268ec9f5cc5) Importer(815301076,1909f56bfc062723c751e8b465ee728b)
Start importing Assets/_Course Library/_Prefabs/VR/Hands/VR_Hand_Yellow_Left.prefab using Guid(8ed7c4661c5c246c3b215268ec9f5cc5) Importer(815301076,1909f56bfc062723c751e8b465ee728b)  -> (artifact id: 'd55a70560b5a6cd55be71a0550d66e1a') in 0.010698 seconds
  Import took 0.014594 seconds .

========================================================================
Received Import Request.
  Time since last request: 0.000192 seconds.
  path: Assets/_Course Library/_Prefabs/VR/Hands/VR_Hand_Colorful_Right.prefab
  artifactKey: Guid(233d735817dff43da9b78129b58d66fb) Importer(815301076,1909f56bfc062723c751e8b465ee728b)
Start importing Assets/_Course Library/_Prefabs/VR/Hands/VR_Hand_Colorful_Right.prefab using Guid(233d735817dff43da9b78129b58d66fb) Importer(815301076,1909f56bfc062723c751e8b465ee728b)  -> (artifact id: '3aaeacdf43d9190ad1bd1957141795bd') in 0.010527 seconds
  Import took 0.014072 seconds .

========================================================================
Received Import Request.
  Time since last request: 0.000199 seconds.
  path: Assets/_Course Library/_Prefabs/VR/Hands/VR_Hand_Blue_Right.prefab
  artifactKey: Guid(a2e8ee2005c074447b929af42b7f5068) Importer(815301076,1909f56bfc062723c751e8b465ee728b)
Start importing Assets/_Course Library/_Prefabs/VR/Hands/VR_Hand_Blue_Right.prefab using Guid(a2e8ee2005c074447b929af42b7f5068) Importer(815301076,1909f56bfc062723c751e8b465ee728b)  -> (artifact id: '7067f094b59e4680182a89a10d12af2c') in 0.010391 seconds
  Import took 0.014603 seconds .

========================================================================
Received Import Request.
  Time since last request: 0.000190 seconds.
  path: Assets/_Course Library/_Prefabs/VR/Hands/VR_Hand_Primitive.prefab
  artifactKey: Guid(66b7de02017114b29a1237e13b5d0f53) Importer(815301076,1909f56bfc062723c751e8b465ee728b)
Start importing Assets/_Course Library/_Prefabs/VR/Hands/VR_Hand_Primitive.prefab using Guid(66b7de02017114b29a1237e13b5d0f53) Importer(815301076,1909f56bfc062723c751e8b465ee728b)  -> (artifact id: 'e1ce3928e42335321b8f9bbb1ccfcfd2') in 0.009263 seconds
  Import took 0.012538 seconds .

========================================================================
Received Import Request.
  Time since last request: 0.000210 seconds.
  path: Assets/_Course Library/_Prefabs/VR/Hands/VR_Hand_Sphere.prefab
  artifactKey: Guid(94722d2f12fff44dc9f81e18afb2f945) Importer(815301076,1909f56bfc062723c751e8b465ee728b)
Start importing Assets/_Course Library/_Prefabs/VR/Hands/VR_Hand_Sphere.prefab using Guid(94722d2f12fff44dc9f81e18afb2f945) Importer(815301076,1909f56bfc062723c751e8b465ee728b)  -> (artifact id: '8b0f8a1e8e0f0442954354756be398ea') in 0.006941 seconds
  Import took 0.009829 seconds .

========================================================================
Received Import Request.
  Time since last request: 0.000212 seconds.
  path: Assets/_Course Library/_Prefabs/VR/Hands/VR_Hand_Gray_Right.prefab
  artifactKey: Guid(d1791b6c42f7b4091950a90dbf80c441) Importer(815301076,1909f56bfc062723c751e8b465ee728b)
Start importing Assets/_Course Library/_Prefabs/VR/Hands/VR_Hand_Gray_Right.prefab using Guid(d1791b6c42f7b4091950a90dbf80c441) Importer(815301076,1909f56bfc062723c751e8b465ee728b)  -> (artifact id: 'd3c6d3ee9e6a0e80ebf427d1be0d90f5') in 0.008945 seconds
  Import took 0.012763 seconds .

========================================================================
Received Import Request.
  Time since last request: 0.000244 seconds.
  path: Assets/_Course Library/_Prefabs/VR/Hands/VR_Hand_Yellow_Right.prefab
  artifactKey: Guid(cd26f816dc3274e05bdcd4f2e79fe1ec) Importer(815301076,1909f56bfc062723c751e8b465ee728b)
Start importing Assets/_Course Library/_Prefabs/VR/Hands/VR_Hand_Yellow_Right.prefab using Guid(cd26f816dc3274e05bdcd4f2e79fe1ec) Importer(815301076,1909f56bfc062723c751e8b465ee728b)  -> (artifact id: '16e752b12f9c9f4a8dbb0f8f57e576a6') in 0.008978 seconds
  Import took 0.012548 seconds .

========================================================================
Received Import Request.
  Time since last request: 0.000232 seconds.
  path: Assets/_Course Library/_Prefabs/VR/Hands/VR_Hand_Colorful_Left.prefab
  artifactKey: Guid(820280a7a7d593e43a6a724a654c4ac9) Importer(815301076,1909f56bfc062723c751e8b465ee728b)
Start importing Assets/_Course Library/_Prefabs/VR/Hands/VR_Hand_Colorful_Left.prefab using Guid(820280a7a7d593e43a6a724a654c4ac9) Importer(815301076,1909f56bfc062723c751e8b465ee728b)  -> (artifact id: '1d93d265b517626d8f5cde5541de28c5') in 0.009242 seconds
  Import took 0.012843 seconds .

========================================================================
Received Import Request.
  Time since last request: 9.888831 seconds.
  path: Assets/_Course Library/_Prefabs/VR/Reticles/VR_Reticle_Circular.prefab
  artifactKey: Guid(50f8d835961353c4a8e0c4b77d7f8876) Importer(815301076,1909f56bfc062723c751e8b465ee728b)
Start importing Assets/_Course Library/_Prefabs/VR/Reticles/VR_Reticle_Circular.prefab using Guid(50f8d835961353c4a8e0c4b77d7f8876) Importer(815301076,1909f56bfc062723c751e8b465ee728b)  -> (artifact id: 'c7d6fefec092e6b8875163a1239d0904') in 0.017515 seconds
  Import took 0.025495 seconds .

========================================================================
Received Import Request.
  Time since last request: 0.000430 seconds.
  path: Assets/_Course Library/_Prefabs/VR/Reticles/VR_Reticle_Square.prefab
  artifactKey: Guid(493691fe396bc5c40900e8a234c5c60e) Importer(815301076,1909f56bfc062723c751e8b465ee728b)
Start importing Assets/_Course Library/_Prefabs/VR/Reticles/VR_Reticle_Square.prefab using Guid(493691fe396bc5c40900e8a234c5c60e) Importer(815301076,1909f56bfc062723c751e8b465ee728b)  -> (artifact id: '2b3a9e571bf0b20412ed18ae2f67a7d3') in 0.010522 seconds
  Import took 0.014788 seconds .

========================================================================
Received Import Request.
  Time since last request: 132.498247 seconds.
  path: Assets/_Course Library/_Prefabs/Fireplaces/Fireplace_Modern.prefab
  artifactKey: Guid(f654ef212370c2948b593977bd733164) Importer(815301076,1909f56bfc062723c751e8b465ee728b)
Start importing Assets/_Course Library/_Prefabs/Fireplaces/Fireplace_Modern.prefab using Guid(f654ef212370c2948b593977bd733164) Importer(815301076,1909f56bfc062723c751e8b465ee728b)  -> (artifact id: '0f527a76040495a0cc182059a650c029') in 0.031658 seconds
  Import took 0.038282 seconds .

========================================================================
Received Import Request.
  Time since last request: 0.000282 seconds.
  path: Assets/_Course Library/_Prefabs/Fireplaces/Fireplace_Traditional.prefab
  artifactKey: Guid(deb9c7803f41d864c8272ceb6ff2d290) Importer(815301076,1909f56bfc062723c751e8b465ee728b)
Start importing Assets/_Course Library/_Prefabs/Fireplaces/Fireplace_Traditional.prefab using Guid(deb9c7803f41d864c8272ceb6ff2d290) Importer(815301076,1909f56bfc062723c751e8b465ee728b)  -> (artifact id: '99e7641399ca7d11092183e6147f863e') in 0.019306 seconds
  Import took 0.024273 seconds .

========================================================================
Received Import Request.
  Time since last request: 0.000209 seconds.
  path: Assets/_Course Library/_Prefabs/Fireplaces/Fireplace_Rustic.prefab
  artifactKey: Guid(9613f127c4654fd4ca17526faa6e34bb) Importer(815301076,1909f56bfc062723c751e8b465ee728b)
Start importing Assets/_Course Library/_Prefabs/Fireplaces/Fireplace_Rustic.prefab using Guid(9613f127c4654fd4ca17526faa6e34bb) Importer(815301076,1909f56bfc062723c751e8b465ee728b)  -> (artifact id: '18c3b5065758266f837945910c31fd73') in 0.018333 seconds
  Import took 0.022859 seconds .

========================================================================
Received Import Request.
  Time since last request: 190.277281 seconds.
  path: Assets/_Course Library/Audio/Music
  artifactKey: Guid(0f1cfefe06dd64fe6aea8dc018b3bde5) Importer(815301076,1909f56bfc062723c751e8b465ee728b)
Start importing Assets/_Course Library/Audio/Music using Guid(0f1cfefe06dd64fe6aea8dc018b3bde5) Importer(815301076,1909f56bfc062723c751e8b465ee728b)  -> (artifact id: 'a80ce9dc9b8b3baf1a919db50b9a7d27') in 0.001662 seconds
  Import took 0.006566 seconds .

========================================================================
Received Import Request.
  Time since last request: 0.000250 seconds.
  path: Assets/_Course Library/Audio/Music
  artifactKey: Guid(0f1cfefe06dd64fe6aea8dc018b3bde5) Importer(815301076,1909f56bfc062723c751e8b465ee728b)
Start importing Assets/_Course Library/Audio/Music using Guid(0f1cfefe06dd64fe6aea8dc018b3bde5) Importer(815301076,1909f56bfc062723c751e8b465ee728b)  -> (artifact id: 'a80ce9dc9b8b3baf1a919db50b9a7d27') in 0.000730 seconds
  Import took 0.003904 seconds .

========================================================================
Received Import Request.
  Time since last request: 0.044809 seconds.
  path: Assets/_Course Library/Audio/Music/Music_Classical_Bach_Goldberg-Variations.ogg
  artifactKey: Guid(fe112c6648072400daed693075b62682) Importer(815301076,1909f56bfc062723c751e8b465ee728b)
Start importing Assets/_Course Library/Audio/Music/Music_Classical_Bach_Goldberg-Variations.ogg using Guid(fe112c6648072400daed693075b62682) Importer(815301076,1909f56bfc062723c751e8b465ee728b)  -> (artifact id: 'd3441dbaeb1b35dae50f2f2d21b26e20') in 0.242740 seconds
  Import took 0.247208 seconds .

========================================================================
Received Import Request.
  Time since last request: 0.000224 seconds.
  path: Assets/_Course Library/Audio/Music/Music_Classical_Beethoven_Moonlight-Sonata.ogg
  artifactKey: Guid(17e53586d00594414b8cb9c4bf7cfd7e) Importer(815301076,1909f56bfc062723c751e8b465ee728b)
Start importing Assets/_Course Library/Audio/Music/Music_Classical_Beethoven_Moonlight-Sonata.ogg using Guid(17e53586d00594414b8cb9c4bf7cfd7e) Importer(815301076,1909f56bfc062723c751e8b465ee728b)  -> (artifact id: '230402af0fd2eb6dca03fe39189c1b9e') in 0.007077 seconds
  Import took 0.009935 seconds .

========================================================================
Received Import Request.
  Time since last request: 0.000185 seconds.
  path: Assets/_Course Library/Audio/Music/Music_Classical_Chopin_Nocturne-no-2.ogg
  artifactKey: Guid(9b225ef4f19cf441f8d7df84ea0f21ad) Importer(815301076,1909f56bfc062723c751e8b465ee728b)
Start importing Assets/_Course Library/Audio/Music/Music_Classical_Chopin_Nocturne-no-2.ogg using Guid(9b225ef4f19cf441f8d7df84ea0f21ad) Importer(815301076,1909f56bfc062723c751e8b465ee728b)  -> (artifact id: '088fe2ead252725b3e07d769e632c9ac') in 0.006349 seconds
  Import took 0.009684 seconds .

========================================================================
Received Prepare
Registering precompiled user dll's ...
Registered in 0.007933 seconds.
Begin MonoManager ReloadAssembly
Native extension for WindowsStandalone target not found
Native extension for OSXStandalone target not found
Native extension for WebGL target not found
Refreshing native plugins compatible for Editor in 0.77 ms, found 1 plugins.
Preloading 0 native plugins for Editor in 0.00 ms.
Invoked RoslynAnalysisRunner static constructor.
RoslynAnalysisRunner will not be running.
RoslynAnalysisRunner has terminated.
Mono: successfully reloaded assembly
- Completed reload, in  1.611 seconds
Platform modules already initialized, skipping
Shader 'Universal Render Pipeline/Particles/Lit': fallback shader 'Universal Render Pipeline/Particles/SimpleLit' not found
Refreshing native plugins compatible for Editor in 0.70 ms, found 1 plugins.
Preloading 0 native plugins for Editor in 0.00 ms.
Unloading 2966 Unused Serialized files (Serialized files now loaded: 0)
System memory in use before: 295.4 MB.
System memory in use after: 295.7 MB.

Unloading 19 unused Assets to reduce memory usage. Loaded Objects now: 3634.
Total: 1.655500 ms (FindLiveObjects: 0.224917 ms CreateObjectMapping: 0.057583 ms MarkObjects: 1.348958 ms  DeleteObjects: 0.023250 ms)

========================================================================
Received Prepare
Registering precompiled user dll's ...
Registered in 0.007360 seconds.
Begin MonoManager ReloadAssembly
Native extension for WindowsStandalone target not found
Native extension for OSXStandalone target not found
Native extension for WebGL target not found
Refreshing native plugins compatible for Editor in 0.73 ms, found 1 plugins.
Preloading 0 native plugins for Editor in 0.00 ms.
Invoked RoslynAnalysisRunner static constructor.
RoslynAnalysisRunner will not be running.
RoslynAnalysisRunner has terminated.
Mono: successfully reloaded assembly
- Completed reload, in  1.651 seconds
Platform modules already initialized, skipping
Shader 'Universal Render Pipeline/Particles/Lit': fallback shader 'Universal Render Pipeline/Particles/SimpleLit' not found
Refreshing native plugins compatible for Editor in 0.57 ms, found 1 plugins.
Preloading 0 native plugins for Editor in 0.00 ms.
Unloading 2966 Unused Serialized files (Serialized files now loaded: 0)
System memory in use before: 295.1 MB.
System memory in use after: 295.4 MB.

Unloading 19 unused Assets to reduce memory usage. Loaded Objects now: 3638.
Total: 1.983916 ms (FindLiveObjects: 0.419792 ms CreateObjectMapping: 0.073959 ms MarkObjects: 1.464958 ms  DeleteObjects: 0.023917 ms)

========================================================================
Received Import Request.
  Time since last request: 997.544918 seconds.
  path: Assets/Samples/XR Interaction Toolkit/1.0.0-pre.3/XR Device Simulator
  artifactKey: Guid(5c0d9c9cb064045f298e3bd59e3c4621) Importer(815301076,1909f56bfc062723c751e8b465ee728b)
Start importing Assets/Samples/XR Interaction Toolkit/1.0.0-pre.3/XR Device Simulator using Guid(5c0d9c9cb064045f298e3bd59e3c4621) Importer(815301076,1909f56bfc062723c751e8b465ee728b)  -> (artifact id: 'ff74a39cb2aa176667b27e0214665996') in 0.007135 seconds
  Import took 0.011556 seconds .

========================================================================
Received Import Request.
  Time since last request: 0.046376 seconds.
  path: Assets/Samples/XR Interaction Toolkit/1.0.0-pre.3/XR Device Simulator/XR Device Simulator Controls.inputactions
  artifactKey: Guid(da2b439d1a2de5c46a4f428f8cf4fe19) Importer(815301076,1909f56bfc062723c751e8b465ee728b)
Start importing Assets/Samples/XR Interaction Toolkit/1.0.0-pre.3/XR Device Simulator/XR Device Simulator Controls.inputactions using Guid(da2b439d1a2de5c46a4f428f8cf4fe19) Importer(815301076,1909f56bfc062723c751e8b465ee728b)  -> (artifact id: '1de018500e739e53d00708782a5be7b7') in 0.097810 seconds
  Import took 0.102606 seconds .

========================================================================
Received Import Request.
  Time since last request: 0.000199 seconds.
  path: Assets/Samples/XR Interaction Toolkit/1.0.0-pre.3/XR Device Simulator/XR Device Simulator.prefab
  artifactKey: Guid(9f5a24a380916d14db9775daab4fe333) Importer(815301076,1909f56bfc062723c751e8b465ee728b)
Start importing Assets/Samples/XR Interaction Toolkit/1.0.0-pre.3/XR Device Simulator/XR Device Simulator.prefab using Guid(9f5a24a380916d14db9775daab4fe333) Importer(815301076,1909f56bfc062723c751e8b465ee728b)  -> (artifact id: 'a72ea5c6e001454722c03becf338e139') in 0.032870 seconds
  Import took 0.036456 seconds .

========================================================================
Received Prepare
Registering precompiled user dll's ...
Registered in 0.008096 seconds.
Begin MonoManager ReloadAssembly
Native extension for WindowsStandalone target not found
Native extension for OSXStandalone target not found
Native extension for WebGL target not found
Refreshing native plugins compatible for Editor in 0.72 ms, found 1 plugins.
Preloading 0 native plugins for Editor in 0.00 ms.
Invoked RoslynAnalysisRunner static constructor.
RoslynAnalysisRunner will not be running.
RoslynAnalysisRunner has terminated.
Mono: successfully reloaded assembly
- Completed reload, in  1.619 seconds
Platform modules already initialized, skipping
Shader 'Universal Render Pipeline/Particles/Lit': fallback shader 'Universal Render Pipeline/Particles/SimpleLit' not found
Refreshing native plugins compatible for Editor in 0.65 ms, found 1 plugins.
Preloading 0 native plugins for Editor in 0.00 ms.
Unloading 2966 Unused Serialized files (Serialized files now loaded: 0)
System memory in use before: 373.9 MB.
System memory in use after: 374.1 MB.

Unloading 19 unused Assets to reduce memory usage. Loaded Objects now: 3642.
Total: 1.841958 ms (FindLiveObjects: 0.240292 ms CreateObjectMapping: 0.057291 ms MarkObjects: 1.527709 ms  DeleteObjects: 0.016000 ms)

========================================================================
Received Prepare
Registering precompiled user dll's ...
Registered in 0.005614 seconds.
Begin MonoManager ReloadAssembly
Native extension for WindowsStandalone target not found
Native extension for OSXStandalone target not found
Native extension for WebGL target not found
Refreshing native plugins compatible for Editor in 0.72 ms, found 1 plugins.
Preloading 0 native plugins for Editor in 0.00 ms.
Invoked RoslynAnalysisRunner static constructor.
RoslynAnalysisRunner will not be running.
RoslynAnalysisRunner has terminated.
Mono: successfully reloaded assembly
- Completed reload, in  1.599 seconds
Platform modules already initialized, skipping
Shader 'Universal Render Pipeline/Particles/Lit': fallback shader 'Universal Render Pipeline/Particles/SimpleLit' not found
Refreshing native plugins compatible for Editor in 0.73 ms, found 1 plugins.
Preloading 0 native plugins for Editor in 0.00 ms.
Unloading 2966 Unused Serialized files (Serialized files now loaded: 0)
System memory in use before: 373.5 MB.
System memory in use after: 373.8 MB.

Unloading 19 unused Assets to reduce memory usage. Loaded Objects now: 3646.
Total: 1.963792 ms (FindLiveObjects: 0.356000 ms CreateObjectMapping: 0.055208 ms MarkObjects: 1.535125 ms  DeleteObjects: 0.016541 ms)

========================================================================
Received Prepare
Registering precompiled user dll's ...
Registered in 0.004511 seconds.
Begin MonoManager ReloadAssembly
Native extension for WindowsStandalone target not found
Native extension for OSXStandalone target not found
Native extension for WebGL target not found
Refreshing native plugins compatible for Editor in 0.67 ms, found 1 plugins.
Preloading 0 native plugins for Editor in 0.00 ms.
Invoked RoslynAnalysisRunner static constructor.
RoslynAnalysisRunner will not be running.
RoslynAnalysisRunner has terminated.
Mono: successfully reloaded assembly
- Completed reload, in  1.608 seconds
Platform modules already initialized, skipping
Shader 'Universal Render Pipeline/Particles/Lit': fallback shader 'Universal Render Pipeline/Particles/SimpleLit' not found
Refreshing native plugins compatible for Editor in 0.67 ms, found 1 plugins.
Preloading 0 native plugins for Editor in 0.00 ms.
Unloading 2966 Unused Serialized files (Serialized files now loaded: 0)
System memory in use before: 373.2 MB.
System memory in use after: 373.5 MB.

Unloading 19 unused Assets to reduce memory usage. Loaded Objects now: 3650.
Total: 1.822833 ms (FindLiveObjects: 0.224542 ms CreateObjectMapping: 0.056750 ms MarkObjects: 1.521458 ms  DeleteObjects: 0.019417 ms)

========================================================================
Received Prepare
Registering precompiled user dll's ...
Registered in 0.005120 seconds.
Begin MonoManager ReloadAssembly
Native extension for WindowsStandalone target not found
Native extension for OSXStandalone target not found
Native extension for WebGL target not found
Refreshing native plugins compatible for Editor in 0.69 ms, found 1 plugins.
Preloading 0 native plugins for Editor in 0.00 ms.
Invoked RoslynAnalysisRunner static constructor.
RoslynAnalysisRunner will not be running.
RoslynAnalysisRunner has terminated.
Mono: successfully reloaded assembly
- Completed reload, in  1.539 seconds
Platform modules already initialized, skipping
Shader 'Universal Render Pipeline/Particles/Lit': fallback shader 'Universal Render Pipeline/Particles/SimpleLit' not found
Refreshing native plugins compatible for Editor in 0.48 ms, found 1 plugins.
Preloading 0 native plugins for Editor in 0.00 ms.
Unloading 2966 Unused Serialized files (Serialized files now loaded: 0)
System memory in use before: 372.9 MB.
System memory in use after: 373.1 MB.

Unloading 19 unused Assets to reduce memory usage. Loaded Objects now: 3654.
Total: 1.741500 ms (FindLiveObjects: 0.193542 ms CreateObjectMapping: 0.056666 ms MarkObjects: 1.474084 ms  DeleteObjects: 0.016541 ms)

========================================================================
Received Prepare
Registering precompiled user dll's ...
Registered in 0.005061 seconds.
Begin MonoManager ReloadAssembly
Native extension for WindowsStandalone target not found
Native extension for OSXStandalone target not found
Native extension for WebGL target not found
Refreshing native plugins compatible for Editor in 0.65 ms, found 1 plugins.
Preloading 0 native plugins for Editor in 0.00 ms.
Invoked RoslynAnalysisRunner static constructor.
RoslynAnalysisRunner will not be running.
RoslynAnalysisRunner has terminated.
Mono: successfully reloaded assembly
- Completed reload, in  1.523 seconds
Platform modules already initialized, skipping
Shader 'Universal Render Pipeline/Particles/Lit': fallback shader 'Universal Render Pipeline/Particles/SimpleLit' not found
Refreshing native plugins compatible for Editor in 0.56 ms, found 1 plugins.
Preloading 0 native plugins for Editor in 0.00 ms.
Unloading 2966 Unused Serialized files (Serialized files now loaded: 0)
System memory in use before: 372.6 MB.
System memory in use after: 372.8 MB.

Unloading 19 unused Assets to reduce memory usage. Loaded Objects now: 3658.
Total: 1.955292 ms (FindLiveObjects: 0.367292 ms CreateObjectMapping: 0.063083 ms MarkObjects: 1.511167 ms  DeleteObjects: 0.012708 ms)

